<?xml version="1.0" encoding="UTF-8"?>
<!-- Generated by org.testng.reporters.JUnitXMLReporter -->
<testsuite hostname="8c8590323d3c.ant.amazon.com" ignored="0" name="Surefire test" tests="6" failures="0" timestamp="18 Sep 2019 15:36:11 GMT" time="0.031" errors="0">
  <testcase name="AppiumBrowserAutomation" time="0.005" classname="qaclickacaemy.AppiumTest"/>
  <testcase name="AppiumUIAutomation" time="0.0" classname="qaclickacaemy.AppiumTest"/>
  <testcase name="RESTAPIBrowserAutomation" time="0.0" classname="qaclickacaemy.RESTAPITest"/>
  <testcase name="RESTAPIUIAutomation" time="0.0" classname="qaclickacaemy.RESTAPITest"/>
  <testcase name="BrowserAutomation" time="0.0" classname="qaclickacaemy.SeleniumTest"/>
  <testcase name="UIAutomation" time="0.0" classname="qaclickacaemy.SeleniumTest"/>
</testsuite> <!-- Surefire test -->
