<?xml version="1.0" encoding="UTF-8"?>
<!-- Generated by org.testng.reporters.JUnitXMLReporter -->
<testsuite hostname="8c8590323d3c.ant.amazon.com" ignored="0" name="Test" tests="6" failures="0" timestamp="26 Sep 2019 10:15:53 GMT" time="0.039" errors="0">
  <testcase name="BrowserAutomation" time="0.006" classname="qaclickacaemy.SeleniumTest"/>
  <testcase name="UIAutomation" time="0.0" classname="qaclickacaemy.SeleniumTest"/>
  <testcase name="RESTAPIBrowserAutomation" time="0.0" classname="qaclickacaemy.RESTAPITest"/>
  <testcase name="RESTAPIUIAutomation" time="0.004" classname="qaclickacaemy.RESTAPITest"/>
  <testcase name="AppiumBrowserAutomation" time="0.0" classname="qaclickacaemy.AppiumTest"/>
  <testcase name="AppiumUIAutomation" time="0.0" classname="qaclickacaemy.AppiumTest"/>
</testsuite> <!-- Test -->
