<?xml version="1.0" encoding="UTF-8"?>
<testsuite xmlns:xsi="http://www.w3.org/2001/XMLSchema-instance" xsi:noNamespaceSchemaLocation="https://maven.apache.org/surefire/maven-surefire-plugin/xsd/surefire-test-report-3.0.xsd" version="3.0" name="TestSuite" time="0.486" tests="6" errors="0" skipped="0" failures="0">
  <properties>
[...]
</properties>
  <testcase name="BrowserAutomation" classname="qaclickacaemy.SeleniumTest" time="0.007"/>
  <testcase name="UIAutomation" classname="qaclickacaemy.SeleniumTest" time="0.001"/>
  <testcase name="RESTAPIBrowserAutomation" classname="qaclickacaemy.RESTAPITest" time="0"/>
  <testcase name="RESTAPIUIAutomation" classname="qaclickacaemy.RESTAPITest" time="0.003"/>
  <testcase name="AppiumBrowserAutomation" classname="qaclickacaemy.AppiumTest" time="0"/>
  <testcase name="AppiumUIAutomation" classname="qaclickacaemy.AppiumTest" time="0"/>
</testsuite>